  CCountry.cpp
C:\Users\Admin\source\repos\Лабораторная работа №13\Лабораторная работа №13\CCountry.cpp(222,17): warning C4129: s: неизвестная escape-последовательность
C:\Users\Admin\source\repos\Лабораторная работа №13\Лабораторная работа №13\CCountry.cpp(222,17): warning C4129: !: неизвестная escape-последовательность
C:\Users\Admin\source\repos\Лабораторная работа №13\Лабораторная работа №13\CCountry.cpp(222,17): warning C4129: .: неизвестная escape-последовательность
C:\Users\Admin\source\repos\Лабораторная работа №13\Лабораторная работа №13\CCountry.cpp(232,19): warning C4129: !: неизвестная escape-последовательность
C:\Users\Admin\source\repos\Лабораторная работа №13\Лабораторная работа №13\CCountry.cpp(232,19): warning C4129: .: неизвестная escape-последовательность
C:\Users\Admin\source\repos\Лабораторная работа №13\Лабораторная работа №13\CCountry.cpp(232,19): warning C4129: ;: неизвестная escape-последовательность
  CMetod.cpp
C:\Users\Admin\source\repos\Лабораторная работа №13\Лабораторная работа №13\CMetod.cpp(123,12): warning C4244: инициализация: преобразование "Cint" в "float", возможна потеря данных
C:\Users\Admin\source\repos\Лабораторная работа №13\Лабораторная работа №13\CMetod.cpp(128,45): warning C4244: =: преобразование "Cint" в "float", возможна потеря данных
C:\Users\Admin\source\repos\Лабораторная работа №13\Лабораторная работа №13\CMetod.cpp(245,17): warning C4129: !: неизвестная escape-последовательность
C:\Users\Admin\source\repos\Лабораторная работа №13\Лабораторная работа №13\CMetod.cpp(245,17): warning C4129: .: неизвестная escape-последовательность
C:\Users\Admin\source\repos\Лабораторная работа №13\Лабораторная работа №13\CMetod.cpp(255,19): warning C4129: !: неизвестная escape-последовательность
C:\Users\Admin\source\repos\Лабораторная работа №13\Лабораторная работа №13\CMetod.cpp(255,19): warning C4129: .: неизвестная escape-последовательность
C:\Users\Admin\source\repos\Лабораторная работа №13\Лабораторная работа №13\CMetod.cpp(255,19): warning C4129: ;: неизвестная escape-последовательность
C:\Users\Admin\source\repos\Лабораторная работа №13\Лабораторная работа №13\CMetod.cpp(345,23): warning C4018: <: несоответствие типов со знаком и без знака
C:\Users\Admin\source\repos\Лабораторная работа №13\Лабораторная работа №13\CMetod.cpp(360,41): warning C4806: ==: небезопасная операция: значение типа "bool", приведенное к типу "int", не может равняться данной константе
  menu.cpp
C:\Users\Admin\source\repos\Лабораторная работа №13\Лабораторная работа №13\menu.cpp(182,109): warning C4305: аргумент: усечение из "int" в "const bool"
C:\Users\Admin\source\repos\Лабораторная работа №13\Лабораторная работа №13\menu.cpp(333,109): warning C4305: аргумент: усечение из "int" в "const bool"
C:\Users\Admin\source\repos\Лабораторная работа №13\Лабораторная работа №13\menu.cpp(496,109): warning C4305: аргумент: усечение из "int" в "const bool"
C:\Users\Admin\source\repos\Лабораторная работа №13\Лабораторная работа №13\menu.cpp(658,109): warning C4305: аргумент: усечение из "int" в "const bool"
  Создание кода...
C:\Users\Admin\source\repos\Лабораторная работа №13\Лабораторная работа №13\CMetod.cpp(113): warning C4715: CMetod::find_to_index: значение возвращается не при всех путях выполнения
  Лабораторная работа №13.cpp
  Лабораторная работа №13.vcxproj -> C:\Users\Admin\source\repos\Лабораторная работа №13\Debug\Лабораторная работа №13.exe
